[2024-08-29T14:02:01.397+0000] {local_task_job_runner.py:123} INFO - ::group::Pre task execution logs
[2024-08-29T14:02:01.401+0000] {taskinstance.py:2603} INFO - Dependencies all met for dep_context=non-requeueable deps ti=<TaskInstance: restaurants_dag.ratings_threshold manual__2024-08-29T14:01:54.821845+00:00 [queued]>
[2024-08-29T14:02:01.403+0000] {taskinstance.py:2603} INFO - Dependencies all met for dep_context=requeueable deps ti=<TaskInstance: restaurants_dag.ratings_threshold manual__2024-08-29T14:01:54.821845+00:00 [queued]>
[2024-08-29T14:02:01.403+0000] {taskinstance.py:2856} INFO - Starting attempt 1 of 2
[2024-08-29T14:02:01.410+0000] {taskinstance.py:2879} INFO - Executing <Task(PythonOperator): ratings_threshold> on 2024-08-29 14:01:54.821845+00:00
[2024-08-29T14:02:01.413+0000] {logging_mixin.py:190} WARNING - /home/airflow/.local/lib/python3.12/site-packages/airflow/task/task_runner/standard_task_runner.py:70 DeprecationWarning: This process (pid=98) is multi-threaded, use of fork() may lead to deadlocks in the child.
[2024-08-29T14:02:01.413+0000] {standard_task_runner.py:72} INFO - Started process 107 to run task
[2024-08-29T14:02:01.413+0000] {standard_task_runner.py:104} INFO - Running: ['airflow', 'tasks', 'run', 'restaurants_dag', 'ratings_threshold', 'manual__2024-08-29T14:01:54.821845+00:00', '--job-id', '5', '--raw', '--subdir', 'DAGS_FOLDER/restaurants_dags.py', '--cfg-path', '/tmp/tmpbuta2zp8']
[2024-08-29T14:02:01.414+0000] {standard_task_runner.py:105} INFO - Job 5: Subtask ratings_threshold
[2024-08-29T14:02:01.429+0000] {task_command.py:467} INFO - Running <TaskInstance: restaurants_dag.ratings_threshold manual__2024-08-29T14:01:54.821845+00:00 [running]> on host da79d01771c4
[2024-08-29T14:02:01.455+0000] {taskinstance.py:3122} INFO - Exporting env vars: AIRFLOW_CTX_DAG_OWNER='airflow' AIRFLOW_CTX_DAG_ID='restaurants_dag' AIRFLOW_CTX_TASK_ID='ratings_threshold' AIRFLOW_CTX_EXECUTION_DATE='2024-08-29T14:01:54.821845+00:00' AIRFLOW_CTX_TRY_NUMBER='1' AIRFLOW_CTX_DAG_RUN_ID='manual__2024-08-29T14:01:54.821845+00:00'
[2024-08-29T14:02:01.456+0000] {taskinstance.py:731} INFO - ::endgroup::
[2024-08-29T14:02:01.724+0000] {logging_mixin.py:190} INFO -      aggregate_rating rating_text
0                 4.4   Very Good
1                 4.6   Excellent
2                 4.1   Very Good
3                 4.4   Very Good
4                 4.4   Very Good
...               ...         ...
1295              4.2   Very Good
1296              4.0   Very Good
1297              3.8        Good
1298              4.7   Excellent
1299              3.9        Good

[1300 rows x 2 columns]
[2024-08-29T14:02:01.730+0000] {logging_mixin.py:190} INFO -             aggregate_rating     
                         min  max
rating_text                      
Average                  2.5  3.4
Excellent                4.5  4.9
Good                     3.5  3.9
Poor                     2.2  2.2
Very Good                4.0  4.4
[2024-08-29T14:02:01.732+0000] {python.py:240} INFO - Done. Returned value was: None
[2024-08-29T14:02:01.735+0000] {taskinstance.py:340} INFO - ::group::Post task execution logs
[2024-08-29T14:02:01.736+0000] {taskinstance.py:352} INFO - Marking task as SUCCESS. dag_id=restaurants_dag, task_id=ratings_threshold, run_id=manual__2024-08-29T14:01:54.821845+00:00, execution_date=20240829T140154, start_date=20240829T140201, end_date=20240829T140201
[2024-08-29T14:02:01.765+0000] {local_task_job_runner.py:261} INFO - Task exited with return code 0
[2024-08-29T14:02:01.772+0000] {taskinstance.py:3891} INFO - 0 downstream tasks scheduled from follow-on schedule check
[2024-08-29T14:02:01.772+0000] {local_task_job_runner.py:240} INFO - ::endgroup::
