[2024-08-29T14:01:56.575+0000] {local_task_job_runner.py:123} INFO - ::group::Pre task execution logs
[2024-08-29T14:01:56.580+0000] {taskinstance.py:2603} INFO - Dependencies all met for dep_context=non-requeueable deps ti=<TaskInstance: restaurants_dag.restaurants manual__2024-08-29T14:01:54.821845+00:00 [queued]>
[2024-08-29T14:01:56.583+0000] {taskinstance.py:2603} INFO - Dependencies all met for dep_context=requeueable deps ti=<TaskInstance: restaurants_dag.restaurants manual__2024-08-29T14:01:54.821845+00:00 [queued]>
[2024-08-29T14:01:56.583+0000] {taskinstance.py:2856} INFO - Starting attempt 1 of 2
[2024-08-29T14:01:56.591+0000] {taskinstance.py:2879} INFO - Executing <Task(PythonOperator): restaurants> on 2024-08-29 14:01:54.821845+00:00
[2024-08-29T14:01:56.595+0000] {logging_mixin.py:190} WARNING - /home/airflow/.local/lib/python3.12/site-packages/airflow/task/task_runner/standard_task_runner.py:70 DeprecationWarning: This process (pid=74) is multi-threaded, use of fork() may lead to deadlocks in the child.
[2024-08-29T14:01:56.596+0000] {standard_task_runner.py:72} INFO - Started process 83 to run task
[2024-08-29T14:01:56.596+0000] {standard_task_runner.py:104} INFO - Running: ['airflow', 'tasks', 'run', 'restaurants_dag', 'restaurants', 'manual__2024-08-29T14:01:54.821845+00:00', '--job-id', '3', '--raw', '--subdir', 'DAGS_FOLDER/restaurants_dags.py', '--cfg-path', '/tmp/tmpjkybku0m']
[2024-08-29T14:01:56.597+0000] {standard_task_runner.py:105} INFO - Job 3: Subtask restaurants
[2024-08-29T14:01:56.616+0000] {task_command.py:467} INFO - Running <TaskInstance: restaurants_dag.restaurants manual__2024-08-29T14:01:54.821845+00:00 [running]> on host da79d01771c4
[2024-08-29T14:01:56.640+0000] {taskinstance.py:3122} INFO - Exporting env vars: AIRFLOW_CTX_DAG_OWNER='airflow' AIRFLOW_CTX_DAG_ID='restaurants_dag' AIRFLOW_CTX_TASK_ID='restaurants' AIRFLOW_CTX_EXECUTION_DATE='2024-08-29T14:01:54.821845+00:00' AIRFLOW_CTX_TRY_NUMBER='1' AIRFLOW_CTX_DAG_RUN_ID='manual__2024-08-29T14:01:54.821845+00:00'
[2024-08-29T14:01:56.641+0000] {taskinstance.py:731} INFO - ::endgroup::
[2024-08-29T14:01:57.315+0000] {logging_mixin.py:190} INFO -      restaurant_id              restuarant_name  country_id       city  \
0         18649486         The Drunken Botanist           1    Gurgaon   
1           308322             Hauz Khas Social           1  New Delhi   
2         18856789         AIR- An Ivory Region           1  New Delhi   
3           307374                     AMA Cafe           1  New Delhi   
4         18238278                      Tamasha           1  New Delhi   
...            ...                          ...         ...        ...   
1295       7900186                       Mexico         148   Hamilton   
1296       7900182           Thai House Express         148   Hamilton   
1297       7900023                  Indian Star         148   Hamilton   
1298       7900490           Zealong Tea Estate         148   Hamilton   
1299       7900115  The Flying Burrito Brothers         148   Hamilton   

     user_rating_votes user_aggregate_rating  \
0                 4765                   4.4   
1                13627                   4.6   
2                 1819                   4.1   
3                 3252                   4.4   
4                 8112                   4.4   
...                ...                   ...   
1295               100                   4.2   
1296                51                   4.0   
1297                63                   3.8   
1298                55                   4.7   
1299                58                   3.9   

                                               cuisines  
0           Continental, Italian, North Indian, Chinese  
1     Continental, American, Asian, North Indian, Ch...  
2             North Indian, Chinese, Continental, Asian  
3                                          Cafe, Juices  
4       Finger Food, North Indian, Continental, Italian  
...                                                 ...  
1295                                            Mexican  
1296                                               Thai  
1297                               North Indian, Indian  
1298                          European, Asian, Desserts  
1299                                            Mexican  

[1300 rows x 7 columns]
[2024-08-29T14:01:57.318+0000] {logging_mixin.py:190} INFO -      restaurant_id              restuarant_name      country       city  \
0         18649486         The Drunken Botanist        India    Gurgaon   
1           308322             Hauz Khas Social        India  New Delhi   
2         18856789         AIR- An Ivory Region        India  New Delhi   
3           307374                     AMA Cafe        India  New Delhi   
4         18238278                      Tamasha        India  New Delhi   
...            ...                          ...          ...        ...   
1295       7900186                       Mexico  New Zealand   Hamilton   
1296       7900182           Thai House Express  New Zealand   Hamilton   
1297       7900023                  Indian Star  New Zealand   Hamilton   
1298       7900490           Zealong Tea Estate  New Zealand   Hamilton   
1299       7900115  The Flying Burrito Brothers  New Zealand   Hamilton   

     user_rating_votes user_aggregate_rating  \
0                 4765                   4.4   
1                13627                   4.6   
2                 1819                   4.1   
3                 3252                   4.4   
4                 8112                   4.4   
...                ...                   ...   
1295               100                   4.2   
1296                51                   4.0   
1297                63                   3.8   
1298                55                   4.7   
1299                58                   3.9   

                                               cuisines  
0           Continental, Italian, North Indian, Chinese  
1     Continental, American, Asian, North Indian, Ch...  
2             North Indian, Chinese, Continental, Asian  
3                                          Cafe, Juices  
4       Finger Food, North Indian, Continental, Italian  
...                                                 ...  
1295                                            Mexican  
1296                                               Thai  
1297                               North Indian, Indian  
1298                          European, Asian, Desserts  
1299                                            Mexican  

[1300 rows x 7 columns]
[2024-08-29T14:01:57.324+0000] {python.py:240} INFO - Done. Returned value was: None
[2024-08-29T14:01:57.327+0000] {taskinstance.py:340} INFO - ::group::Post task execution logs
[2024-08-29T14:01:57.327+0000] {taskinstance.py:352} INFO - Marking task as SUCCESS. dag_id=restaurants_dag, task_id=restaurants, run_id=manual__2024-08-29T14:01:54.821845+00:00, execution_date=20240829T140154, start_date=20240829T140156, end_date=20240829T140157
[2024-08-29T14:01:57.363+0000] {local_task_job_runner.py:261} INFO - Task exited with return code 0
[2024-08-29T14:01:57.374+0000] {taskinstance.py:3891} INFO - 1 downstream tasks scheduled from follow-on schedule check
[2024-08-29T14:01:57.375+0000] {local_task_job_runner.py:240} INFO - ::endgroup::
