[2024-08-29T14:01:30.197+0000] {processor.py:186} INFO - Started process (PID=73) to work on /opt/airflow/dags/Country-Code.xlsx
[2024-08-29T14:01:30.198+0000] {processor.py:914} INFO - Processing file /opt/airflow/dags/Country-Code.xlsx for tasks to queue
[2024-08-29T14:01:30.199+0000] {logging_mixin.py:190} INFO - [2024-08-29T14:01:30.199+0000] {dagbag.py:587} INFO - Filling up the DagBag from /opt/airflow/dags/Country-Code.xlsx
[2024-08-29T14:01:30.201+0000] {processor.py:927} WARNING - No viable dags retrieved from /opt/airflow/dags/Country-Code.xlsx
[2024-08-29T14:01:30.208+0000] {processor.py:208} INFO - Processing /opt/airflow/dags/Country-Code.xlsx took 0.015 seconds
[2024-08-29T14:02:02.034+0000] {processor.py:186} INFO - Started process (PID=109) to work on /opt/airflow/dags/Country-Code.xlsx
[2024-08-29T14:02:02.034+0000] {processor.py:914} INFO - Processing file /opt/airflow/dags/Country-Code.xlsx for tasks to queue
[2024-08-29T14:02:02.036+0000] {logging_mixin.py:190} INFO - [2024-08-29T14:02:02.036+0000] {dagbag.py:587} INFO - Filling up the DagBag from /opt/airflow/dags/Country-Code.xlsx
[2024-08-29T14:02:02.037+0000] {processor.py:927} WARNING - No viable dags retrieved from /opt/airflow/dags/Country-Code.xlsx
[2024-08-29T14:02:02.042+0000] {processor.py:208} INFO - Processing /opt/airflow/dags/Country-Code.xlsx took 0.011 seconds
[2024-08-29T14:02:33.000+0000] {processor.py:186} INFO - Started process (PID=112) to work on /opt/airflow/dags/Country-Code.xlsx
[2024-08-29T14:02:33.000+0000] {processor.py:914} INFO - Processing file /opt/airflow/dags/Country-Code.xlsx for tasks to queue
[2024-08-29T14:02:33.002+0000] {logging_mixin.py:190} INFO - [2024-08-29T14:02:33.002+0000] {dagbag.py:587} INFO - Filling up the DagBag from /opt/airflow/dags/Country-Code.xlsx
[2024-08-29T14:02:33.004+0000] {processor.py:927} WARNING - No viable dags retrieved from /opt/airflow/dags/Country-Code.xlsx
[2024-08-29T14:02:33.013+0000] {processor.py:208} INFO - Processing /opt/airflow/dags/Country-Code.xlsx took 0.018 seconds
[2024-08-29T14:03:03.292+0000] {processor.py:186} INFO - Started process (PID=115) to work on /opt/airflow/dags/Country-Code.xlsx
[2024-08-29T14:03:03.293+0000] {processor.py:914} INFO - Processing file /opt/airflow/dags/Country-Code.xlsx for tasks to queue
[2024-08-29T14:03:03.295+0000] {logging_mixin.py:190} INFO - [2024-08-29T14:03:03.295+0000] {dagbag.py:587} INFO - Filling up the DagBag from /opt/airflow/dags/Country-Code.xlsx
[2024-08-29T14:03:03.297+0000] {processor.py:927} WARNING - No viable dags retrieved from /opt/airflow/dags/Country-Code.xlsx
[2024-08-29T14:03:03.307+0000] {processor.py:208} INFO - Processing /opt/airflow/dags/Country-Code.xlsx took 0.020 seconds
[2024-08-29T14:03:33.440+0000] {processor.py:186} INFO - Started process (PID=118) to work on /opt/airflow/dags/Country-Code.xlsx
[2024-08-29T14:03:33.441+0000] {processor.py:914} INFO - Processing file /opt/airflow/dags/Country-Code.xlsx for tasks to queue
[2024-08-29T14:03:33.443+0000] {logging_mixin.py:190} INFO - [2024-08-29T14:03:33.443+0000] {dagbag.py:587} INFO - Filling up the DagBag from /opt/airflow/dags/Country-Code.xlsx
[2024-08-29T14:03:33.445+0000] {processor.py:927} WARNING - No viable dags retrieved from /opt/airflow/dags/Country-Code.xlsx
[2024-08-29T14:03:33.454+0000] {processor.py:208} INFO - Processing /opt/airflow/dags/Country-Code.xlsx took 0.021 seconds
[2024-08-29T14:04:03.954+0000] {processor.py:186} INFO - Started process (PID=121) to work on /opt/airflow/dags/Country-Code.xlsx
[2024-08-29T14:04:03.954+0000] {processor.py:914} INFO - Processing file /opt/airflow/dags/Country-Code.xlsx for tasks to queue
[2024-08-29T14:04:03.956+0000] {logging_mixin.py:190} INFO - [2024-08-29T14:04:03.956+0000] {dagbag.py:587} INFO - Filling up the DagBag from /opt/airflow/dags/Country-Code.xlsx
[2024-08-29T14:04:03.957+0000] {processor.py:927} WARNING - No viable dags retrieved from /opt/airflow/dags/Country-Code.xlsx
[2024-08-29T14:04:03.974+0000] {processor.py:208} INFO - Processing /opt/airflow/dags/Country-Code.xlsx took 0.024 seconds
[2024-08-29T14:04:34.317+0000] {processor.py:186} INFO - Started process (PID=124) to work on /opt/airflow/dags/Country-Code.xlsx
[2024-08-29T14:04:34.318+0000] {processor.py:914} INFO - Processing file /opt/airflow/dags/Country-Code.xlsx for tasks to queue
[2024-08-29T14:04:34.319+0000] {logging_mixin.py:190} INFO - [2024-08-29T14:04:34.319+0000] {dagbag.py:587} INFO - Filling up the DagBag from /opt/airflow/dags/Country-Code.xlsx
[2024-08-29T14:04:34.321+0000] {processor.py:927} WARNING - No viable dags retrieved from /opt/airflow/dags/Country-Code.xlsx
[2024-08-29T14:04:34.328+0000] {processor.py:208} INFO - Processing /opt/airflow/dags/Country-Code.xlsx took 0.015 seconds
[2024-08-29T14:05:04.769+0000] {processor.py:186} INFO - Started process (PID=127) to work on /opt/airflow/dags/Country-Code.xlsx
[2024-08-29T14:05:04.770+0000] {processor.py:914} INFO - Processing file /opt/airflow/dags/Country-Code.xlsx for tasks to queue
[2024-08-29T14:05:04.772+0000] {logging_mixin.py:190} INFO - [2024-08-29T14:05:04.771+0000] {dagbag.py:587} INFO - Filling up the DagBag from /opt/airflow/dags/Country-Code.xlsx
[2024-08-29T14:05:04.773+0000] {processor.py:927} WARNING - No viable dags retrieved from /opt/airflow/dags/Country-Code.xlsx
[2024-08-29T14:05:04.791+0000] {processor.py:208} INFO - Processing /opt/airflow/dags/Country-Code.xlsx took 0.027 seconds
[2024-08-29T14:05:35.219+0000] {processor.py:186} INFO - Started process (PID=130) to work on /opt/airflow/dags/Country-Code.xlsx
[2024-08-29T14:05:35.221+0000] {processor.py:914} INFO - Processing file /opt/airflow/dags/Country-Code.xlsx for tasks to queue
[2024-08-29T14:05:35.222+0000] {logging_mixin.py:190} INFO - [2024-08-29T14:05:35.222+0000] {dagbag.py:587} INFO - Filling up the DagBag from /opt/airflow/dags/Country-Code.xlsx
[2024-08-29T14:05:35.224+0000] {processor.py:927} WARNING - No viable dags retrieved from /opt/airflow/dags/Country-Code.xlsx
[2024-08-29T14:05:35.232+0000] {processor.py:208} INFO - Processing /opt/airflow/dags/Country-Code.xlsx took 0.017 seconds
[2024-08-29T14:06:05.606+0000] {processor.py:186} INFO - Started process (PID=133) to work on /opt/airflow/dags/Country-Code.xlsx
[2024-08-29T14:06:05.607+0000] {processor.py:914} INFO - Processing file /opt/airflow/dags/Country-Code.xlsx for tasks to queue
[2024-08-29T14:06:05.609+0000] {logging_mixin.py:190} INFO - [2024-08-29T14:06:05.609+0000] {dagbag.py:587} INFO - Filling up the DagBag from /opt/airflow/dags/Country-Code.xlsx
[2024-08-29T14:06:05.611+0000] {processor.py:927} WARNING - No viable dags retrieved from /opt/airflow/dags/Country-Code.xlsx
[2024-08-29T14:06:05.619+0000] {processor.py:208} INFO - Processing /opt/airflow/dags/Country-Code.xlsx took 0.018 seconds
[2024-08-29T14:06:36.004+0000] {processor.py:186} INFO - Started process (PID=136) to work on /opt/airflow/dags/Country-Code.xlsx
[2024-08-29T14:06:36.005+0000] {processor.py:914} INFO - Processing file /opt/airflow/dags/Country-Code.xlsx for tasks to queue
[2024-08-29T14:06:36.006+0000] {logging_mixin.py:190} INFO - [2024-08-29T14:06:36.006+0000] {dagbag.py:587} INFO - Filling up the DagBag from /opt/airflow/dags/Country-Code.xlsx
[2024-08-29T14:06:36.008+0000] {processor.py:927} WARNING - No viable dags retrieved from /opt/airflow/dags/Country-Code.xlsx
[2024-08-29T14:06:36.016+0000] {processor.py:208} INFO - Processing /opt/airflow/dags/Country-Code.xlsx took 0.017 seconds
[2024-08-29T14:07:06.470+0000] {processor.py:186} INFO - Started process (PID=139) to work on /opt/airflow/dags/Country-Code.xlsx
[2024-08-29T14:07:06.471+0000] {processor.py:914} INFO - Processing file /opt/airflow/dags/Country-Code.xlsx for tasks to queue
[2024-08-29T14:07:06.473+0000] {logging_mixin.py:190} INFO - [2024-08-29T14:07:06.472+0000] {dagbag.py:587} INFO - Filling up the DagBag from /opt/airflow/dags/Country-Code.xlsx
[2024-08-29T14:07:06.474+0000] {processor.py:927} WARNING - No viable dags retrieved from /opt/airflow/dags/Country-Code.xlsx
[2024-08-29T14:07:06.483+0000] {processor.py:208} INFO - Processing /opt/airflow/dags/Country-Code.xlsx took 0.018 seconds
[2024-08-29T14:07:36.929+0000] {processor.py:186} INFO - Started process (PID=142) to work on /opt/airflow/dags/Country-Code.xlsx
[2024-08-29T14:07:36.929+0000] {processor.py:914} INFO - Processing file /opt/airflow/dags/Country-Code.xlsx for tasks to queue
[2024-08-29T14:07:36.931+0000] {logging_mixin.py:190} INFO - [2024-08-29T14:07:36.931+0000] {dagbag.py:587} INFO - Filling up the DagBag from /opt/airflow/dags/Country-Code.xlsx
[2024-08-29T14:07:36.933+0000] {processor.py:927} WARNING - No viable dags retrieved from /opt/airflow/dags/Country-Code.xlsx
[2024-08-29T14:07:36.942+0000] {processor.py:208} INFO - Processing /opt/airflow/dags/Country-Code.xlsx took 0.018 seconds
[2024-08-29T14:08:07.400+0000] {processor.py:186} INFO - Started process (PID=145) to work on /opt/airflow/dags/Country-Code.xlsx
[2024-08-29T14:08:07.401+0000] {processor.py:914} INFO - Processing file /opt/airflow/dags/Country-Code.xlsx for tasks to queue
[2024-08-29T14:08:07.403+0000] {logging_mixin.py:190} INFO - [2024-08-29T14:08:07.403+0000] {dagbag.py:587} INFO - Filling up the DagBag from /opt/airflow/dags/Country-Code.xlsx
[2024-08-29T14:08:07.405+0000] {processor.py:927} WARNING - No viable dags retrieved from /opt/airflow/dags/Country-Code.xlsx
[2024-08-29T14:08:07.414+0000] {processor.py:208} INFO - Processing /opt/airflow/dags/Country-Code.xlsx took 0.019 seconds
[2024-08-29T14:08:37.871+0000] {processor.py:186} INFO - Started process (PID=148) to work on /opt/airflow/dags/Country-Code.xlsx
[2024-08-29T14:08:37.873+0000] {processor.py:914} INFO - Processing file /opt/airflow/dags/Country-Code.xlsx for tasks to queue
[2024-08-29T14:08:37.875+0000] {logging_mixin.py:190} INFO - [2024-08-29T14:08:37.875+0000] {dagbag.py:587} INFO - Filling up the DagBag from /opt/airflow/dags/Country-Code.xlsx
[2024-08-29T14:08:37.876+0000] {processor.py:927} WARNING - No viable dags retrieved from /opt/airflow/dags/Country-Code.xlsx
[2024-08-29T14:08:37.885+0000] {processor.py:208} INFO - Processing /opt/airflow/dags/Country-Code.xlsx took 0.018 seconds
